<?xml version="1.0" encoding="UTF-8"?>
<testsuite xmlns:xsi="http://www.w3.org/2001/XMLSchema-instance" xsi:noNamespaceSchemaLocation="https://maven.apache.org/surefire/maven-surefire-plugin/xsd/surefire-test-report-3.0.xsd" version="3.0" name="com.pettrail.pettrailbackend.service.NotificationServiceTest" time="1.581" tests="16" errors="0" skipped="0" failures="0">
  <properties>
[...]
</properties>
  <testcase name="clearAllNotifications_shouldDeleteAll" classname="com.pettrail.pettrailbackend.service.NotificationServiceTest" time="1.441">
    <system-out><![CDATA[22:30:12.105 [main] INFO com.pettrail.pettrailbackend.service.NotificationService -- 清空所有通知：userId=1
]]></system-out>
    <system-err><![CDATA[WARNING: A Java agent has been loaded dynamically (C:\Users\Admin\.m2\repository\net\bytebuddy\byte-buddy-agent\1.14.9\byte-buddy-agent-1.14.9.jar)
WARNING: If a serviceability tool is in use, please run with -XX:+EnableDynamicAgentLoading to hide this warning
WARNING: If a serviceability tool is not in use, please run with -Djdk.instrument.traceUsage for more information
WARNING: Dynamic loading of agents will be disallowed by default in a future release
]]></system-err>
  </testcase>
  <testcase name="getUnreadCount_shouldReturnCorrectCount" classname="com.pettrail.pettrailbackend.service.NotificationServiceTest" time="0.008"/>
  <testcase name="createNotification_shouldDeduplicate" classname="com.pettrail.pettrailbackend.service.NotificationServiceTest" time="0.01"/>
  <testcase name="sendVaccineReminder_shouldCreateSystemNotification" classname="com.pettrail.pettrailbackend.service.NotificationServiceTest" time="0.007"/>
  <testcase name="sendParasiteReminder_shouldCreateSystemNotification" classname="com.pettrail.pettrailbackend.service.NotificationServiceTest" time="0.008"/>
  <testcase name="deleteNotification_shouldDeleteWhenOwnerMatches" classname="com.pettrail.pettrailbackend.service.NotificationServiceTest" time="0.013">
    <system-out><![CDATA[22:30:12.177 [main] INFO com.pettrail.pettrailbackend.service.NotificationService -- 删除通知：notificationId=1, userId=1
]]></system-out>
  </testcase>
  <testcase name="createNotification_shouldInsertWhenDifferentUser" classname="com.pettrail.pettrailbackend.service.NotificationServiceTest" time="0.002"/>
  <testcase name="getUnreadCount_shouldUseCache" classname="com.pettrail.pettrailbackend.service.NotificationServiceTest" time="0.003"/>
  <testcase name="getNotifications_shouldReturnVOList" classname="com.pettrail.pettrailbackend.service.NotificationServiceTest" time="0.011"/>
  <testcase name="markAllAsRead_shouldCallMapper" classname="com.pettrail.pettrailbackend.service.NotificationServiceTest" time="0.003"/>
  <testcase name="markAsRead_shouldUpdateWhenOwnerMatches" classname="com.pettrail.pettrailbackend.service.NotificationServiceTest" time="0.006"/>
  <testcase name="createNotification_shouldNotNotifySelf" classname="com.pettrail.pettrailbackend.service.NotificationServiceTest" time="0.003"/>
  <testcase name="sendParasiteReminder_type2_shouldShowInternalParasite" classname="com.pettrail.pettrailbackend.service.NotificationServiceTest" time="0.004"/>
  <testcase name="markAsRead_shouldNotUpdateWhenOwnerDoesNotMatch" classname="com.pettrail.pettrailbackend.service.NotificationServiceTest" time="0.004"/>
  <testcase name="deleteNotification_shouldNotDeleteWhenOwnerDoesNotMatch" classname="com.pettrail.pettrailbackend.service.NotificationServiceTest" time="0.006"/>
  <testcase name="getNotifications_systemNotification_shouldShowSystemName" classname="com.pettrail.pettrailbackend.service.NotificationServiceTest" time="0.004"/>
</testsuite>